[debug] [2024-01-10T09:17:24.890Z] ----------------------------------------------------------------------
[debug] [2024-01-10T09:17:24.892Z] Command:       C:\Program Files\nodejs\node.exe C:\Users\user\AppData\Roaming\npm\node_modules\firebase-tools\lib\bin\firebase.js deploy
[debug] [2024-01-10T09:17:24.892Z] CLI Version:   13.0.2
[debug] [2024-01-10T09:17:24.893Z] Platform:      win32
[debug] [2024-01-10T09:17:24.893Z] Node Version:  v18.18.2
[debug] [2024-01-10T09:17:24.894Z] Time:          Wed Jan 10 2024 18:17:24 GMT+0900 (日本標準時)
[debug] [2024-01-10T09:17:24.894Z] ----------------------------------------------------------------------
[debug] 
[debug] [2024-01-10T09:17:24.977Z] > command requires scopes: ["email","openid","https://www.googleapis.com/auth/cloudplatformprojects.readonly","https://www.googleapis.com/auth/firebase","https://www.googleapis.com/auth/cloud-platform"]
[debug] [2024-01-10T09:17:24.978Z] > authorizing via signed-in user (ysueda0716@gmail.com)
[debug] [2024-01-10T09:17:24.978Z] [iam] checking project ha-dou-uranai for permissions ["datastore.indexes.create","datastore.indexes.delete","datastore.indexes.list","datastore.indexes.update","firebase.projects.get","firebasehosting.sites.update"]
[debug] [2024-01-10T09:17:24.980Z] > refreshing access token with scopes: []
[debug] [2024-01-10T09:17:24.982Z] >>> [apiv2][query] POST https://www.googleapis.com/oauth2/v3/token [none]
[debug] [2024-01-10T09:17:24.982Z] >>> [apiv2][body] POST https://www.googleapis.com/oauth2/v3/token [omitted]
[debug] [2024-01-10T09:17:25.234Z] <<< [apiv2][status] POST https://www.googleapis.com/oauth2/v3/token 200
[debug] [2024-01-10T09:17:25.234Z] <<< [apiv2][body] POST https://www.googleapis.com/oauth2/v3/token [omitted]
[debug] [2024-01-10T09:17:25.249Z] >>> [apiv2][query] POST https://cloudresourcemanager.googleapis.com/v1/projects/ha-dou-uranai:testIamPermissions [none]
[debug] [2024-01-10T09:17:25.249Z] >>> [apiv2][(partial)header] POST https://cloudresourcemanager.googleapis.com/v1/projects/ha-dou-uranai:testIamPermissions x-goog-quota-user=projects/ha-dou-uranai
[debug] [2024-01-10T09:17:25.250Z] >>> [apiv2][body] POST https://cloudresourcemanager.googleapis.com/v1/projects/ha-dou-uranai:testIamPermissions {"permissions":["datastore.indexes.create","datastore.indexes.delete","datastore.indexes.list","datastore.indexes.update","firebase.projects.get","firebasehosting.sites.update"]}
[debug] [2024-01-10T09:17:26.112Z] <<< [apiv2][status] POST https://cloudresourcemanager.googleapis.com/v1/projects/ha-dou-uranai:testIamPermissions 200
[debug] [2024-01-10T09:17:26.112Z] <<< [apiv2][body] POST https://cloudresourcemanager.googleapis.com/v1/projects/ha-dou-uranai:testIamPermissions {}
[debug] [2024-01-10T09:17:26.113Z] [iam] error while checking permissions, command may fail: FirebaseError: Authorization failed. This account is missing the following required permissions on project ha-dou-uranai:

  datastore.indexes.create
  datastore.indexes.delete
  datastore.indexes.list
  datastore.indexes.update
  firebase.projects.get
  firebasehosting.sites.update
[debug] [2024-01-10T09:17:26.115Z] >>> [apiv2][query] GET https://firebase.googleapis.com/v1beta1/projects/ha-dou-uranai [none]
[debug] [2024-01-10T09:17:26.587Z] <<< [apiv2][status] GET https://firebase.googleapis.com/v1beta1/projects/ha-dou-uranai 403
[debug] [2024-01-10T09:17:26.587Z] <<< [apiv2][body] GET https://firebase.googleapis.com/v1beta1/projects/ha-dou-uranai {"error":{"code":403,"message":"The caller does not have permission","status":"PERMISSION_DENIED"}}
[debug] [2024-01-10T09:17:26.588Z] HTTP Error: 403, The caller does not have permission
[error] 
[error] Error: Assertion failed: resolving hosting target of a site with no site name or target name. This should have caused an error earlier
[debug] [2024-01-10T09:19:15.137Z] ----------------------------------------------------------------------
[debug] [2024-01-10T09:19:15.139Z] Command:       C:\Program Files\nodejs\node.exe C:\Users\user\AppData\Roaming\npm\node_modules\firebase-tools\lib\bin\firebase.js deploy
[debug] [2024-01-10T09:19:15.140Z] CLI Version:   13.0.2
[debug] [2024-01-10T09:19:15.140Z] Platform:      win32
[debug] [2024-01-10T09:19:15.140Z] Node Version:  v18.18.2
[debug] [2024-01-10T09:19:15.142Z] Time:          Wed Jan 10 2024 18:19:15 GMT+0900 (日本標準時)
[debug] [2024-01-10T09:19:15.142Z] ----------------------------------------------------------------------
[debug] 
[debug] [2024-01-10T09:19:15.226Z] > command requires scopes: ["email","openid","https://www.googleapis.com/auth/cloudplatformprojects.readonly","https://www.googleapis.com/auth/firebase","https://www.googleapis.com/auth/cloud-platform"]
[debug] [2024-01-10T09:19:15.227Z] > authorizing via signed-in user (ysueda0716@gmail.com)
[debug] [2024-01-10T09:19:15.227Z] [iam] checking project ha-dou-uranai for permissions ["datastore.indexes.create","datastore.indexes.delete","datastore.indexes.list","datastore.indexes.update","firebase.projects.get","firebasehosting.sites.update"]
[debug] [2024-01-10T09:19:15.230Z] >>> [apiv2][query] POST https://cloudresourcemanager.googleapis.com/v1/projects/ha-dou-uranai:testIamPermissions [none]
[debug] [2024-01-10T09:19:15.230Z] >>> [apiv2][(partial)header] POST https://cloudresourcemanager.googleapis.com/v1/projects/ha-dou-uranai:testIamPermissions x-goog-quota-user=projects/ha-dou-uranai
[debug] [2024-01-10T09:19:15.231Z] >>> [apiv2][body] POST https://cloudresourcemanager.googleapis.com/v1/projects/ha-dou-uranai:testIamPermissions {"permissions":["datastore.indexes.create","datastore.indexes.delete","datastore.indexes.list","datastore.indexes.update","firebase.projects.get","firebasehosting.sites.update"]}
[debug] [2024-01-10T09:19:16.127Z] <<< [apiv2][status] POST https://cloudresourcemanager.googleapis.com/v1/projects/ha-dou-uranai:testIamPermissions 200
[debug] [2024-01-10T09:19:16.127Z] <<< [apiv2][body] POST https://cloudresourcemanager.googleapis.com/v1/projects/ha-dou-uranai:testIamPermissions {}
[debug] [2024-01-10T09:19:16.128Z] [iam] error while checking permissions, command may fail: FirebaseError: Authorization failed. This account is missing the following required permissions on project ha-dou-uranai:

  datastore.indexes.create
  datastore.indexes.delete
  datastore.indexes.list
  datastore.indexes.update
  firebase.projects.get
  firebasehosting.sites.update
[debug] [2024-01-10T09:19:16.129Z] >>> [apiv2][query] GET https://firebase.googleapis.com/v1beta1/projects/ha-dou-uranai [none]
[debug] [2024-01-10T09:19:16.580Z] <<< [apiv2][status] GET https://firebase.googleapis.com/v1beta1/projects/ha-dou-uranai 403
[debug] [2024-01-10T09:19:16.580Z] <<< [apiv2][body] GET https://firebase.googleapis.com/v1beta1/projects/ha-dou-uranai {"error":{"code":403,"message":"The caller does not have permission","status":"PERMISSION_DENIED"}}
[debug] [2024-01-10T09:19:16.581Z] HTTP Error: 403, The caller does not have permission
[error] 
[error] Error: Assertion failed: resolving hosting target of a site with no site name or target name. This should have caused an error earlier
[debug] [2024-01-10T09:20:30.625Z] ----------------------------------------------------------------------
[debug] [2024-01-10T09:20:30.628Z] Command:       C:\Program Files\nodejs\node.exe C:\Users\user\AppData\Roaming\npm\node_modules\firebase-tools\lib\bin\firebase.js deploy
[debug] [2024-01-10T09:20:30.628Z] CLI Version:   13.0.2
[debug] [2024-01-10T09:20:30.629Z] Platform:      win32
[debug] [2024-01-10T09:20:30.629Z] Node Version:  v18.18.2
[debug] [2024-01-10T09:20:30.630Z] Time:          Wed Jan 10 2024 18:20:30 GMT+0900 (日本標準時)
[debug] [2024-01-10T09:20:30.630Z] ----------------------------------------------------------------------
[debug] 
[debug] [2024-01-10T09:20:30.708Z] > command requires scopes: ["email","openid","https://www.googleapis.com/auth/cloudplatformprojects.readonly","https://www.googleapis.com/auth/firebase","https://www.googleapis.com/auth/cloud-platform"]
[debug] [2024-01-10T09:20:30.709Z] > authorizing via signed-in user (ysueda0716@gmail.com)
[debug] [2024-01-10T09:20:30.709Z] [iam] checking project ha-dou-uranai for permissions ["datastore.indexes.create","datastore.indexes.delete","datastore.indexes.list","datastore.indexes.update","firebase.projects.get","firebasehosting.sites.update"]
[debug] [2024-01-10T09:20:30.711Z] >>> [apiv2][query] POST https://cloudresourcemanager.googleapis.com/v1/projects/ha-dou-uranai:testIamPermissions [none]
[debug] [2024-01-10T09:20:30.712Z] >>> [apiv2][(partial)header] POST https://cloudresourcemanager.googleapis.com/v1/projects/ha-dou-uranai:testIamPermissions x-goog-quota-user=projects/ha-dou-uranai
[debug] [2024-01-10T09:20:30.712Z] >>> [apiv2][body] POST https://cloudresourcemanager.googleapis.com/v1/projects/ha-dou-uranai:testIamPermissions {"permissions":["datastore.indexes.create","datastore.indexes.delete","datastore.indexes.list","datastore.indexes.update","firebase.projects.get","firebasehosting.sites.update"]}
[debug] [2024-01-10T09:20:31.624Z] <<< [apiv2][status] POST https://cloudresourcemanager.googleapis.com/v1/projects/ha-dou-uranai:testIamPermissions 200
[debug] [2024-01-10T09:20:31.625Z] <<< [apiv2][body] POST https://cloudresourcemanager.googleapis.com/v1/projects/ha-dou-uranai:testIamPermissions {}
[debug] [2024-01-10T09:20:31.625Z] [iam] error while checking permissions, command may fail: FirebaseError: Authorization failed. This account is missing the following required permissions on project ha-dou-uranai:

  datastore.indexes.create
  datastore.indexes.delete
  datastore.indexes.list
  datastore.indexes.update
  firebase.projects.get
  firebasehosting.sites.update
[debug] [2024-01-10T09:20:31.626Z] >>> [apiv2][query] GET https://firebase.googleapis.com/v1beta1/projects/ha-dou-uranai [none]
[debug] [2024-01-10T09:20:32.237Z] <<< [apiv2][status] GET https://firebase.googleapis.com/v1beta1/projects/ha-dou-uranai 403
[debug] [2024-01-10T09:20:32.237Z] <<< [apiv2][body] GET https://firebase.googleapis.com/v1beta1/projects/ha-dou-uranai {"error":{"code":403,"message":"The caller does not have permission","status":"PERMISSION_DENIED"}}
[debug] [2024-01-10T09:20:32.238Z] HTTP Error: 403, The caller does not have permission
[error] 
[error] Error: Assertion failed: resolving hosting target of a site with no site name or target name. This should have caused an error earlier
[debug] [2024-01-10T09:23:28.478Z] ----------------------------------------------------------------------
[debug] [2024-01-10T09:23:28.480Z] Command:       C:\Program Files\nodejs\node.exe C:\Users\user\AppData\Roaming\npm\node_modules\firebase-tools\lib\bin\firebase.js deploy
[debug] [2024-01-10T09:23:28.481Z] CLI Version:   13.0.2
[debug] [2024-01-10T09:23:28.481Z] Platform:      win32
[debug] [2024-01-10T09:23:28.481Z] Node Version:  v18.18.2
[debug] [2024-01-10T09:23:28.482Z] Time:          Wed Jan 10 2024 18:23:28 GMT+0900 (日本標準時)
[debug] [2024-01-10T09:23:28.483Z] ----------------------------------------------------------------------
[debug] 
[debug] [2024-01-10T09:23:28.560Z] > command requires scopes: ["email","openid","https://www.googleapis.com/auth/cloudplatformprojects.readonly","https://www.googleapis.com/auth/firebase","https://www.googleapis.com/auth/cloud-platform"]
[debug] [2024-01-10T09:23:28.561Z] > authorizing via signed-in user (ysueda0716@gmail.com)
[debug] [2024-01-10T09:23:28.561Z] [iam] checking project ha-dou-uranai for permissions ["datastore.indexes.create","datastore.indexes.delete","datastore.indexes.list","datastore.indexes.update","firebase.projects.get","firebasehosting.sites.update","firebaserules.releases.create","firebaserules.releases.update","firebaserules.rulesets.create"]
[debug] [2024-01-10T09:23:28.564Z] >>> [apiv2][query] POST https://cloudresourcemanager.googleapis.com/v1/projects/ha-dou-uranai:testIamPermissions [none]
[debug] [2024-01-10T09:23:28.564Z] >>> [apiv2][(partial)header] POST https://cloudresourcemanager.googleapis.com/v1/projects/ha-dou-uranai:testIamPermissions x-goog-quota-user=projects/ha-dou-uranai
[debug] [2024-01-10T09:23:28.564Z] >>> [apiv2][body] POST https://cloudresourcemanager.googleapis.com/v1/projects/ha-dou-uranai:testIamPermissions {"permissions":["datastore.indexes.create","datastore.indexes.delete","datastore.indexes.list","datastore.indexes.update","firebase.projects.get","firebasehosting.sites.update","firebaserules.releases.create","firebaserules.releases.update","firebaserules.rulesets.create"]}
[debug] [2024-01-10T09:23:29.405Z] <<< [apiv2][status] POST https://cloudresourcemanager.googleapis.com/v1/projects/ha-dou-uranai:testIamPermissions 200
[debug] [2024-01-10T09:23:29.406Z] <<< [apiv2][body] POST https://cloudresourcemanager.googleapis.com/v1/projects/ha-dou-uranai:testIamPermissions {}
[debug] [2024-01-10T09:23:29.406Z] [iam] error while checking permissions, command may fail: FirebaseError: Authorization failed. This account is missing the following required permissions on project ha-dou-uranai:

  datastore.indexes.create
  datastore.indexes.delete
  datastore.indexes.list
  datastore.indexes.update
  firebase.projects.get
  firebasehosting.sites.update
  firebaserules.releases.create
  firebaserules.releases.update
  firebaserules.rulesets.create
[debug] [2024-01-10T09:23:29.407Z] >>> [apiv2][query] GET https://firebase.googleapis.com/v1beta1/projects/ha-dou-uranai [none]
[debug] [2024-01-10T09:23:29.949Z] <<< [apiv2][status] GET https://firebase.googleapis.com/v1beta1/projects/ha-dou-uranai 403
[debug] [2024-01-10T09:23:29.950Z] <<< [apiv2][body] GET https://firebase.googleapis.com/v1beta1/projects/ha-dou-uranai {"error":{"code":403,"message":"The caller does not have permission","status":"PERMISSION_DENIED"}}
[debug] [2024-01-10T09:23:29.950Z] HTTP Error: 403, The caller does not have permission
[error] 
[error] Error: Assertion failed: resolving hosting target of a site with no site name or target name. This should have caused an error earlier
[debug] [2024-01-10T09:26:02.272Z] ----------------------------------------------------------------------
[debug] [2024-01-10T09:26:02.274Z] Command:       C:\Program Files\nodejs\node.exe C:\Users\user\AppData\Roaming\npm\node_modules\firebase-tools\lib\bin\firebase.js deploy
[debug] [2024-01-10T09:26:02.275Z] CLI Version:   13.0.2
[debug] [2024-01-10T09:26:02.275Z] Platform:      win32
[debug] [2024-01-10T09:26:02.275Z] Node Version:  v18.18.2
[debug] [2024-01-10T09:26:02.277Z] Time:          Wed Jan 10 2024 18:26:02 GMT+0900 (日本標準時)
[debug] [2024-01-10T09:26:02.277Z] ----------------------------------------------------------------------
[debug] 
[debug] [2024-01-10T09:26:02.357Z] > command requires scopes: ["email","openid","https://www.googleapis.com/auth/cloudplatformprojects.readonly","https://www.googleapis.com/auth/firebase","https://www.googleapis.com/auth/cloud-platform"]
[debug] [2024-01-10T09:26:02.357Z] > authorizing via signed-in user (ysueda0716@gmail.com)
[debug] [2024-01-10T09:26:02.357Z] [iam] checking project ha-dou-uranai for permissions ["datastore.indexes.create","datastore.indexes.delete","datastore.indexes.list","datastore.indexes.update","firebase.projects.get","firebasehosting.sites.update"]
[debug] [2024-01-10T09:26:02.360Z] >>> [apiv2][query] POST https://cloudresourcemanager.googleapis.com/v1/projects/ha-dou-uranai:testIamPermissions [none]
[debug] [2024-01-10T09:26:02.360Z] >>> [apiv2][(partial)header] POST https://cloudresourcemanager.googleapis.com/v1/projects/ha-dou-uranai:testIamPermissions x-goog-quota-user=projects/ha-dou-uranai
[debug] [2024-01-10T09:26:02.361Z] >>> [apiv2][body] POST https://cloudresourcemanager.googleapis.com/v1/projects/ha-dou-uranai:testIamPermissions {"permissions":["datastore.indexes.create","datastore.indexes.delete","datastore.indexes.list","datastore.indexes.update","firebase.projects.get","firebasehosting.sites.update"]}
[debug] [2024-01-10T09:26:02.829Z] <<< [apiv2][status] POST https://cloudresourcemanager.googleapis.com/v1/projects/ha-dou-uranai:testIamPermissions 200
[debug] [2024-01-10T09:26:02.830Z] <<< [apiv2][body] POST https://cloudresourcemanager.googleapis.com/v1/projects/ha-dou-uranai:testIamPermissions {}
[debug] [2024-01-10T09:26:02.830Z] [iam] error while checking permissions, command may fail: FirebaseError: Authorization failed. This account is missing the following required permissions on project ha-dou-uranai:

  datastore.indexes.create
  datastore.indexes.delete
  datastore.indexes.list
  datastore.indexes.update
  firebase.projects.get
  firebasehosting.sites.update
[debug] [2024-01-10T09:26:02.831Z] >>> [apiv2][query] GET https://firebase.googleapis.com/v1beta1/projects/ha-dou-uranai [none]
[debug] [2024-01-10T09:26:03.338Z] <<< [apiv2][status] GET https://firebase.googleapis.com/v1beta1/projects/ha-dou-uranai 403
[debug] [2024-01-10T09:26:03.338Z] <<< [apiv2][body] GET https://firebase.googleapis.com/v1beta1/projects/ha-dou-uranai {"error":{"code":403,"message":"The caller does not have permission","status":"PERMISSION_DENIED"}}
[debug] [2024-01-10T09:26:03.339Z] HTTP Error: 403, The caller does not have permission
[error] 
[error] Error: Assertion failed: resolving hosting target of a site with no site name or target name. This should have caused an error earlier
